  Source.cpp
c:\users\pssta\onedrive\desktop\proiectealggenetici\genetici p final\genetici p final\source.cpp(58): warning C4244: '+=': conversion from 'double' to 'int', possible loss of data
c:\users\pssta\onedrive\desktop\proiectealggenetici\genetici p final\genetici p final\source.cpp(68): warning C4244: '+=': conversion from 'double' to 'int', possible loss of data
c:\users\pssta\onedrive\desktop\proiectealggenetici\genetici p final\genetici p final\source.cpp(74): warning C4244: '=': conversion from 'double' to 'float', possible loss of data
c:\users\pssta\onedrive\desktop\proiectealggenetici\genetici p final\genetici p final\source.cpp(75): warning C4244: '=': conversion from 'double' to 'float', possible loss of data
c:\users\pssta\onedrive\desktop\proiectealggenetici\genetici p final\genetici p final\source.cpp(77): warning C4244: '=': conversion from 'double' to 'float', possible loss of data
c:\users\pssta\onedrive\desktop\proiectealggenetici\genetici p final\genetici p final\source.cpp(109): warning C4244: 'argument': conversion from 'time_t' to 'unsigned int', possible loss of data
c:\users\pssta\onedrive\desktop\proiectealggenetici\genetici p final\genetici p final\source.cpp(111): warning C4244: '=': conversion from 'double' to 'float', possible loss of data
c:\users\pssta\onedrive\desktop\proiectealggenetici\genetici p final\genetici p final\source.cpp(115): warning C4305: '=': truncation from 'double' to 'float'
c:\users\pssta\onedrive\desktop\proiectealggenetici\genetici p final\genetici p final\source.cpp(116): warning C4305: '=': truncation from 'double' to 'float'
c:\users\pssta\onedrive\desktop\proiectealggenetici\genetici p final\genetici p final\source.cpp(117): warning C4305: '=': truncation from 'double' to 'float'
c:\users\pssta\onedrive\desktop\proiectealggenetici\genetici p final\genetici p final\source.cpp(138): warning C4244: '=': conversion from 'double' to 'int', possible loss of data
c:\users\pssta\onedrive\desktop\proiectealggenetici\genetici p final\genetici p final\source.cpp(139): warning C4244: '=': conversion from 'double' to 'int', possible loss of data
c:\users\pssta\onedrive\desktop\proiectealggenetici\genetici p final\genetici p final\source.cpp(144): warning C4244: 'argument': conversion from 'int' to 'float', possible loss of data
c:\users\pssta\onedrive\desktop\proiectealggenetici\genetici p final\genetici p final\source.cpp(145): warning C4244: 'argument': conversion from 'int' to 'float', possible loss of data
c:\users\pssta\onedrive\desktop\proiectealggenetici\genetici p final\genetici p final\source.cpp(155): warning C4244: '=': conversion from 'double' to 'float', possible loss of data
c:\users\pssta\onedrive\desktop\proiectealggenetici\genetici p final\genetici p final\source.cpp(317): warning C4244: 'initializing': conversion from 'double' to 'float', possible loss of data
c:\users\pssta\onedrive\desktop\proiectealggenetici\genetici p final\genetici p final\source.cpp(407): warning C4244: '=': conversion from 'int' to 'float', possible loss of data
c:\users\pssta\onedrive\desktop\proiectealggenetici\genetici p final\genetici p final\source.cpp(409): warning C4244: '=': conversion from 'float' to 'int', possible loss of data
c:\users\pssta\onedrive\desktop\proiectealggenetici\genetici p final\genetici p final\source.cpp(191): warning C4101: 'tempp': unreferenced local variable
  Genetici P Final.vcxproj -> C:\Users\pssta\OneDrive\Desktop\ProiecteAlgGenetici\Genetici P Final\Debug\Genetici P Final.exe
